<?xml version="1.0" encoding="UTF-8"?>
<testsuite xmlns:xsi="http://www.w3.org/2001/XMLSchema-instance" xsi:noNamespaceSchemaLocation="https://maven.apache.org/surefire/maven-surefire-plugin/xsd/surefire-test-report-3.0.xsd" version="3.0" name="com.cherglow.gcs.ConnectionManagerTest" time="1.033" tests="5" errors="0" skipped="0" failures="0">
  <properties>
[...]
</properties>
  <testcase name="watchdogLive_checkDoesNotFailWhileDataFlows" classname="com.cherglow.gcs.ConnectionManagerTest" time="0.004"/>
  <testcase name="connect_ignoredWhenNotDisconnected" classname="com.cherglow.gcs.ConnectionManagerTest" time="0.001"/>
  <testcase name="connect_thenFirstLine_transitionsToConnected" classname="com.cherglow.gcs.ConnectionManagerTest" time="0.001"/>
  <testcase name="openFailure_keepsErrorAndRetries_withoutConnectingFlicker" classname="com.cherglow.gcs.ConnectionManagerTest" time="1.024"/>
  <testcase name="watchdog_silence3s_transitionsToError_thenRecoversOnData" classname="com.cherglow.gcs.ConnectionManagerTest" time="0.001"/>
</testsuite>